<?xml version="1.0" encoding="UTF-8"?>
<!-- Generated by org.testng.reporters.JUnitXMLReporter -->
<testsuite ignored="0" hostname="DESKTOP-T2J8JMK" failures="0" tests="4" name="Test" time="13.639" errors="0" timestamp="2026-04-20T19:31:24 IST">
  <testcase classname="FWpack.FourTest" name="TestFour" time="3.203"/>
  <testcase classname="FWpack.LoginTest" name="login" time="4.266"/>
  <testcase classname="FWpack.TwoTest" name="TestTwo" time="1.607"/>
  <testcase classname="FWpack.ThreeTest" name="TestThree" time="2.224"/>
</testsuite> <!-- Test -->
