<?xml version="1.0" encoding="UTF-8"?>
<!-- Generated by org.testng.reporters.JUnitXMLReporter -->
<testsuite ignored="0" hostname="DESKTOP-T2J8JMK" failures="0" tests="5" name="Test" time="21.084" errors="0" timestamp="2026-04-16T12:35:57 IST">
  <testcase classname="FWpack.FourTest" name="TestFour" time="0.004"/>
  <testcase classname="FWpack.LoginTest" name="login" time="4.018"/>
  <testcase classname="FWpack.LoginTest" name="login" time="12.578"/>
  <testcase classname="FWpack.TwoTest" name="TestTwo" time="0.001"/>
  <testcase classname="FWpack.ThreeTest" name="TestThree" time="0.001"/>
</testsuite> <!-- Test -->
